2021-06-21 14:55:25,234 [Worker-2: Loading available Gradle versions] INFO  o.e.b.c.i.u.g.PublishedGradleVersions - Gradle version information cache is up-to-date. Trying to read.
2021-06-21 14:55:49,129 [Worker-15: Update Maven projects configuration] INFO  o.e.m.c.i.p.ProjectConfigurationManager - Update started
2021-06-21 14:55:50,693 [Worker-15: Update Maven projects configuration] INFO  o.e.m.c.i.l.LifecycleMappingFactory - Using org.maven.ide.eclipse.wtp.WarLifecycleMapping lifecycle mapping for MavenProject: com.binfree:controller:1.0.0-BUILD-SNAPSHOT @ /Users/an-yohan/Desktop/BinFreeProject/eclipseWorkspace/SpringJS/BinFreeProject00/target/m2e-wtp/web-resources/META-INF/maven/com.binfree/controller/pom.xml.
2021-06-21 14:55:52,103 [Worker-15: Update Maven projects configuration] INFO  o.e.m.j.i.AbstractJavaProjectConfigurator - Adding source folder /controller/src/main/java
2021-06-21 14:55:52,104 [Worker-15: Update Maven projects configuration] INFO  o.e.m.j.i.AbstractJavaProjectConfigurator - Adding source folder /controller/src/test/java
2021-06-21 14:55:52,929 [Worker-13: Building] WARN  o.e.m.c.i.embedder.EclipseLogger - Using platform encoding (UTF-8 actually) to copy filtered resources, i.e. build is platform dependent!
2021-06-21 14:55:52,931 [Worker-13: Building] INFO  o.e.m.c.i.embedder.EclipseLogger - skip non existing resourceDirectory /Users/an-yohan/Desktop/BinFreeProject/eclipseWorkspace/SpringJS/BinFreeProject00/target/m2e-wtp/web-resources/META-INF/maven/com.binfree/controller/src/main/resources
2021-06-21 14:55:52,936 [Worker-13: Building] WARN  o.e.m.c.i.embedder.EclipseLogger - Using platform encoding (UTF-8 actually) to copy filtered resources, i.e. build is platform dependent!
2021-06-21 14:55:52,937 [Worker-13: Building] INFO  o.e.m.c.i.embedder.EclipseLogger - skip non existing resourceDirectory /Users/an-yohan/Desktop/BinFreeProject/eclipseWorkspace/SpringJS/BinFreeProject00/target/m2e-wtp/web-resources/META-INF/maven/com.binfree/controller/src/test/resources
2021-06-21 14:55:54,331 [Worker-11: Building] WARN  o.e.m.c.i.embedder.EclipseLogger - Using platform encoding (UTF-8 actually) to copy filtered resources, i.e. build is platform dependent!
2021-06-21 14:55:54,334 [Worker-11: Building] INFO  o.e.m.c.i.embedder.EclipseLogger - skip non existing resourceDirectory /Users/an-yohan/Desktop/BinFreeProject/eclipseWorkspace/SpringJS/BinFreeProject00/target/m2e-wtp/web-resources/META-INF/maven/com.binfree/controller/src/main/resources
2021-06-21 14:55:54,340 [Worker-11: Building] WARN  o.e.m.c.i.embedder.EclipseLogger - Using platform encoding (UTF-8 actually) to copy filtered resources, i.e. build is platform dependent!
2021-06-21 14:55:54,341 [Worker-11: Building] INFO  o.e.m.c.i.embedder.EclipseLogger - skip non existing resourceDirectory /Users/an-yohan/Desktop/BinFreeProject/eclipseWorkspace/SpringJS/BinFreeProject00/target/m2e-wtp/web-resources/META-INF/maven/com.binfree/controller/src/test/resources
2021-06-21 14:55:55,655 [Worker-5: Building] WARN  o.e.m.c.i.embedder.EclipseLogger - Using platform encoding (UTF-8 actually) to copy filtered resources, i.e. build is platform dependent!
2021-06-21 14:55:55,665 [Worker-5: Building] INFO  o.e.m.c.i.embedder.EclipseLogger - skip non existing resourceDirectory /Users/an-yohan/Desktop/BinFreeProject/eclipseWorkspace/SpringJS/BinFreeProject00/target/m2e-wtp/web-resources/META-INF/maven/com.binfree/controller/src/main/resources
2021-06-21 14:55:55,673 [Worker-5: Building] WARN  o.e.m.c.i.embedder.EclipseLogger - Using platform encoding (UTF-8 actually) to copy filtered resources, i.e. build is platform dependent!
2021-06-21 14:55:55,674 [Worker-5: Building] INFO  o.e.m.c.i.embedder.EclipseLogger - skip non existing resourceDirectory /Users/an-yohan/Desktop/BinFreeProject/eclipseWorkspace/SpringJS/BinFreeProject00/target/m2e-wtp/web-resources/META-INF/maven/com.binfree/controller/src/test/resources
2021-06-21 14:55:56,276 [Worker-15: Update Maven projects configuration] INFO  o.e.m.c.i.p.ProjectConfigurationManager - Update completed: 7 sec
2021-06-21 14:56:00,012 [Worker-8: Building] WARN  o.e.m.c.i.embedder.EclipseLogger - Using platform encoding (UTF-8 actually) to copy filtered resources, i.e. build is platform dependent!
2021-06-21 14:56:00,016 [Worker-8: Building] INFO  o.e.m.c.i.embedder.EclipseLogger - skip non existing resourceDirectory /Users/an-yohan/Desktop/BinFreeProject/eclipseWorkspace/SpringJS/BinFreeProject00/target/m2e-wtp/web-resources/META-INF/maven/com.binfree/controller/src/main/resources
2021-06-21 14:56:00,018 [Worker-8: Building] WARN  o.e.m.c.i.embedder.EclipseLogger - Using platform encoding (UTF-8 actually) to copy filtered resources, i.e. build is platform dependent!
2021-06-21 14:56:00,018 [Worker-8: Building] INFO  o.e.m.c.i.embedder.EclipseLogger - skip non existing resourceDirectory /Users/an-yohan/Desktop/BinFreeProject/eclipseWorkspace/SpringJS/BinFreeProject00/target/m2e-wtp/web-resources/META-INF/maven/com.binfree/controller/src/test/resources
2021-06-21 14:56:04,107 [Worker-5: Building] WARN  o.e.m.c.i.embedder.EclipseLogger - Using platform encoding (UTF-8 actually) to copy filtered resources, i.e. build is platform dependent!
2021-06-21 14:56:04,120 [Worker-5: Building] INFO  o.e.m.c.i.embedder.EclipseLogger - skip non existing resourceDirectory /Users/an-yohan/Desktop/BinFreeProject/eclipseWorkspace/SpringJS/BinFreeProject00/target/m2e-wtp/web-resources/META-INF/maven/com.binfree/controller/src/main/resources
2021-06-21 14:56:04,131 [Worker-5: Building] WARN  o.e.m.c.i.embedder.EclipseLogger - Using platform encoding (UTF-8 actually) to copy filtered resources, i.e. build is platform dependent!
2021-06-21 14:56:04,132 [Worker-5: Building] INFO  o.e.m.c.i.embedder.EclipseLogger - skip non existing resourceDirectory /Users/an-yohan/Desktop/BinFreeProject/eclipseWorkspace/SpringJS/BinFreeProject00/target/m2e-wtp/web-resources/META-INF/maven/com.binfree/controller/src/test/resources
